[10:38:32 INF] User profile is available. Using '/Users/vitorsantana/.aspnet/DataProtection-Keys' as key repository; keys will not be encrypted at rest.
[10:38:32 INF] Now listening on: http://localhost:8080
[10:38:32 INF] Application started. Press Ctrl+C to shut down.
[10:38:32 INF] Hosting environment: Development
[10:38:32 INF] Content root path: /Users/vitorsantana/Dev/GynNota/backend/src/GynNota.Api
[10:39:24 INF] Request starting HTTP/1.1 OPTIONS http://localhost:8080/api/v1/auth/login - null null
[10:39:24 WRN] Failed to determine the https port for redirect.
[10:39:24 INF] CORS policy execution successful.
[10:39:24 INF] HTTP OPTIONS /api/v1/auth/login responded 204 in 2.3542 ms
[10:39:24 INF] Request finished HTTP/1.1 OPTIONS http://localhost:8080/api/v1/auth/login - 204 null null 30.3878ms
[10:39:24 INF] Request starting HTTP/1.1 POST http://localhost:8080/api/v1/auth/login - application/json 44
[10:39:24 INF] CORS policy execution successful.
[10:39:24 INF] Executing endpoint 'GynNota.Api.Controllers.AuthController.Login (GynNota.Api)'
[10:39:24 INF] Route matched with {action = "Login", controller = "Auth"}. Executing controller action with signature System.Threading.Tasks.Task`1[Microsoft.AspNetCore.Mvc.ActionResult`1[GynNota.Api.Controllers.AuthController+LoginResponse]] Login(LoginRequest) on controller GynNota.Api.Controllers.AuthController (GynNota.Api).
[10:39:24 INF] Executing OkObjectResult, writing value of type 'GynNota.Api.Controllers.AuthController+LoginResponse'.
[10:39:24 INF] Executed action GynNota.Api.Controllers.AuthController.Login (GynNota.Api) in 490.6348ms
[10:39:24 INF] Executed endpoint 'GynNota.Api.Controllers.AuthController.Login (GynNota.Api)'
[10:39:24 INF] HTTP POST /api/v1/auth/login responded 200 in 510.2215 ms
[10:39:24 INF] Request finished HTTP/1.1 POST http://localhost:8080/api/v1/auth/login - 200 null application/json; charset=utf-8 514.1518ms
[10:39:24 INF] Request starting HTTP/1.1 OPTIONS http://localhost:8080/api/v1/tenants - null null
[10:39:24 INF] CORS policy execution successful.
[10:39:24 INF] Request starting HTTP/1.1 OPTIONS http://localhost:8080/api/v1/tenants - null null
[10:39:24 INF] HTTP OPTIONS /api/v1/tenants responded 204 in 0.1822 ms
[10:39:24 INF] CORS policy execution successful.
[10:39:24 INF] Request finished HTTP/1.1 OPTIONS http://localhost:8080/api/v1/tenants - 204 null null 0.789ms
[10:39:24 INF] HTTP OPTIONS /api/v1/tenants responded 204 in 0.0699 ms
[10:39:24 INF] Request finished HTTP/1.1 OPTIONS http://localhost:8080/api/v1/tenants - 204 null null 0.3086ms
[10:39:24 INF] Request starting HTTP/1.1 GET http://localhost:8080/api/v1/tenants - null null
[10:39:24 INF] CORS policy execution successful.
[10:39:24 INF] Executing endpoint 'GynNota.Api.Controllers.TenantsController.List (GynNota.Api)'
[10:39:24 INF] Route matched with {action = "List", controller = "Tenants"}. Executing controller action with signature System.Threading.Tasks.Task`1[Microsoft.AspNetCore.Mvc.ActionResult`1[System.Collections.Generic.IEnumerable`1[GynNota.Api.Controllers.TenantsController+TenantDto]]] List(System.Threading.CancellationToken) on controller GynNota.Api.Controllers.TenantsController (GynNota.Api).
[10:39:24 INF] Executing OkObjectResult, writing value of type 'System.Collections.Generic.List`1[[GynNota.Api.Controllers.TenantsController+TenantDto, GynNota.Api, Version=1.0.0.0, Culture=neutral, PublicKeyToken=null]]'.
[10:39:24 INF] Executed action GynNota.Api.Controllers.TenantsController.List (GynNota.Api) in 36.1216ms
[10:39:24 INF] Executed endpoint 'GynNota.Api.Controllers.TenantsController.List (GynNota.Api)'
[10:39:24 INF] HTTP GET /api/v1/tenants responded 200 in 54.3830 ms
[10:39:24 INF] Request finished HTTP/1.1 GET http://localhost:8080/api/v1/tenants - 200 null application/json; charset=utf-8 55.1632ms
[10:39:24 INF] Request starting HTTP/1.1 GET http://localhost:8080/api/v1/tenants - null null
[10:39:24 INF] CORS policy execution successful.
[10:39:24 INF] Executing endpoint 'GynNota.Api.Controllers.TenantsController.List (GynNota.Api)'
[10:39:24 INF] Route matched with {action = "List", controller = "Tenants"}. Executing controller action with signature System.Threading.Tasks.Task`1[Microsoft.AspNetCore.Mvc.ActionResult`1[System.Collections.Generic.IEnumerable`1[GynNota.Api.Controllers.TenantsController+TenantDto]]] List(System.Threading.CancellationToken) on controller GynNota.Api.Controllers.TenantsController (GynNota.Api).
[10:39:25 INF] Executing OkObjectResult, writing value of type 'System.Collections.Generic.List`1[[GynNota.Api.Controllers.TenantsController+TenantDto, GynNota.Api, Version=1.0.0.0, Culture=neutral, PublicKeyToken=null]]'.
[10:39:25 INF] Executed action GynNota.Api.Controllers.TenantsController.List (GynNota.Api) in 26.9558ms
[10:39:25 INF] Executed endpoint 'GynNota.Api.Controllers.TenantsController.List (GynNota.Api)'
[10:39:25 INF] HTTP GET /api/v1/tenants responded 200 in 29.0400 ms
[10:39:25 INF] Request finished HTTP/1.1 GET http://localhost:8080/api/v1/tenants - 200 null application/json; charset=utf-8 29.5831ms
[10:39:44 INF] Request starting HTTP/1.1 OPTIONS http://localhost:8080/api/v1/tenants - null null
[10:39:44 INF] Request starting HTTP/1.1 OPTIONS http://localhost:8080/api/v1/tenants - null null
[10:39:44 INF] CORS policy execution successful.
[10:39:44 INF] CORS policy execution successful.
[10:39:44 INF] HTTP OPTIONS /api/v1/tenants responded 204 in 0.2682 ms
[10:39:44 INF] HTTP OPTIONS /api/v1/tenants responded 204 in 0.2685 ms
[10:39:44 INF] Request finished HTTP/1.1 OPTIONS http://localhost:8080/api/v1/tenants - 204 null null 1.2175ms
[10:39:44 INF] Request finished HTTP/1.1 OPTIONS http://localhost:8080/api/v1/tenants - 204 null null 1.2173ms
[10:39:44 INF] Request starting HTTP/1.1 GET http://localhost:8080/api/v1/tenants - null null
[10:39:44 INF] CORS policy execution successful.
[10:39:44 INF] Executing endpoint 'GynNota.Api.Controllers.TenantsController.List (GynNota.Api)'
[10:39:44 INF] Route matched with {action = "List", controller = "Tenants"}. Executing controller action with signature System.Threading.Tasks.Task`1[Microsoft.AspNetCore.Mvc.ActionResult`1[System.Collections.Generic.IEnumerable`1[GynNota.Api.Controllers.TenantsController+TenantDto]]] List(System.Threading.CancellationToken) on controller GynNota.Api.Controllers.TenantsController (GynNota.Api).
[10:39:44 INF] Executing OkObjectResult, writing value of type 'System.Collections.Generic.List`1[[GynNota.Api.Controllers.TenantsController+TenantDto, GynNota.Api, Version=1.0.0.0, Culture=neutral, PublicKeyToken=null]]'.
[10:39:44 INF] Executed action GynNota.Api.Controllers.TenantsController.List (GynNota.Api) in 30.596ms
[10:39:44 INF] Executed endpoint 'GynNota.Api.Controllers.TenantsController.List (GynNota.Api)'
[10:39:44 INF] HTTP GET /api/v1/tenants responded 200 in 34.5082 ms
[10:39:44 INF] Request finished HTTP/1.1 GET http://localhost:8080/api/v1/tenants - 200 null application/json; charset=utf-8 35.677ms
[10:39:44 INF] Request starting HTTP/1.1 GET http://localhost:8080/api/v1/tenants - null null
[10:39:44 INF] CORS policy execution successful.
[10:39:44 INF] Executing endpoint 'GynNota.Api.Controllers.TenantsController.List (GynNota.Api)'
[10:39:44 INF] Route matched with {action = "List", controller = "Tenants"}. Executing controller action with signature System.Threading.Tasks.Task`1[Microsoft.AspNetCore.Mvc.ActionResult`1[System.Collections.Generic.IEnumerable`1[GynNota.Api.Controllers.TenantsController+TenantDto]]] List(System.Threading.CancellationToken) on controller GynNota.Api.Controllers.TenantsController (GynNota.Api).
[10:39:44 INF] Executing OkObjectResult, writing value of type 'System.Collections.Generic.List`1[[GynNota.Api.Controllers.TenantsController+TenantDto, GynNota.Api, Version=1.0.0.0, Culture=neutral, PublicKeyToken=null]]'.
[10:39:44 INF] Executed action GynNota.Api.Controllers.TenantsController.List (GynNota.Api) in 26.8836ms
[10:39:44 INF] Executed endpoint 'GynNota.Api.Controllers.TenantsController.List (GynNota.Api)'
[10:39:44 INF] HTTP GET /api/v1/tenants responded 200 in 27.9315 ms
[10:39:44 INF] Request finished HTTP/1.1 GET http://localhost:8080/api/v1/tenants - 200 null application/json; charset=utf-8 28.3549ms
[10:39:48 INF] Request starting HTTP/1.1 GET http://localhost:8080/api/v1/tenants - null null
[10:39:48 INF] CORS policy execution successful.
[10:39:48 INF] Executing endpoint 'GynNota.Api.Controllers.TenantsController.List (GynNota.Api)'
[10:39:48 INF] Route matched with {action = "List", controller = "Tenants"}. Executing controller action with signature System.Threading.Tasks.Task`1[Microsoft.AspNetCore.Mvc.ActionResult`1[System.Collections.Generic.IEnumerable`1[GynNota.Api.Controllers.TenantsController+TenantDto]]] List(System.Threading.CancellationToken) on controller GynNota.Api.Controllers.TenantsController (GynNota.Api).
[10:39:48 INF] Executing OkObjectResult, writing value of type 'System.Collections.Generic.List`1[[GynNota.Api.Controllers.TenantsController+TenantDto, GynNota.Api, Version=1.0.0.0, Culture=neutral, PublicKeyToken=null]]'.
[10:39:48 INF] Executed action GynNota.Api.Controllers.TenantsController.List (GynNota.Api) in 27.8613ms
[10:39:48 INF] Executed endpoint 'GynNota.Api.Controllers.TenantsController.List (GynNota.Api)'
[10:39:48 INF] HTTP GET /api/v1/tenants responded 200 in 29.3622 ms
[10:39:48 INF] Request finished HTTP/1.1 GET http://localhost:8080/api/v1/tenants - 200 null application/json; charset=utf-8 30.5861ms
[10:39:48 INF] Request starting HTTP/1.1 GET http://localhost:8080/api/v1/tenants - null null
[10:39:48 INF] CORS policy execution successful.
[10:39:48 INF] Executing endpoint 'GynNota.Api.Controllers.TenantsController.List (GynNota.Api)'
[10:39:48 INF] Route matched with {action = "List", controller = "Tenants"}. Executing controller action with signature System.Threading.Tasks.Task`1[Microsoft.AspNetCore.Mvc.ActionResult`1[System.Collections.Generic.IEnumerable`1[GynNota.Api.Controllers.TenantsController+TenantDto]]] List(System.Threading.CancellationToken) on controller GynNota.Api.Controllers.TenantsController (GynNota.Api).
[10:39:48 INF] Executing OkObjectResult, writing value of type 'System.Collections.Generic.List`1[[GynNota.Api.Controllers.TenantsController+TenantDto, GynNota.Api, Version=1.0.0.0, Culture=neutral, PublicKeyToken=null]]'.
[10:39:48 INF] Executed action GynNota.Api.Controllers.TenantsController.List (GynNota.Api) in 27.4897ms
[10:39:48 INF] Executed endpoint 'GynNota.Api.Controllers.TenantsController.List (GynNota.Api)'
[10:39:48 INF] HTTP GET /api/v1/tenants responded 200 in 28.8137 ms
[10:39:48 INF] Request finished HTTP/1.1 GET http://localhost:8080/api/v1/tenants - 200 null application/json; charset=utf-8 29.5247ms
[10:40:31 INF] Request starting HTTP/1.1 OPTIONS http://localhost:8080/api/v1/logs/soap?start=2025-09-26T13:40:31.036Z&end=2025-10-03T13:40:31.036Z&take=200 - null null
[10:40:31 INF] CORS policy execution successful.
[10:40:31 INF] HTTP OPTIONS /api/v1/logs/soap responded 204 in 0.5094 ms
[10:40:31 INF] Request finished HTTP/1.1 OPTIONS http://localhost:8080/api/v1/logs/soap?start=2025-09-26T13:40:31.036Z&end=2025-10-03T13:40:31.036Z&take=200 - 204 null null 2.5385ms
[10:40:31 INF] Request starting HTTP/1.1 OPTIONS http://localhost:8080/api/v1/logs/soap?start=2025-09-26T13:40:31.036Z&end=2025-10-03T13:40:31.036Z&take=200 - null null
[10:40:31 INF] CORS policy execution successful.
[10:40:31 INF] HTTP OPTIONS /api/v1/logs/soap responded 204 in 0.0585 ms
[10:40:31 INF] Request finished HTTP/1.1 OPTIONS http://localhost:8080/api/v1/logs/soap?start=2025-09-26T13:40:31.036Z&end=2025-10-03T13:40:31.036Z&take=200 - 204 null null 0.2141ms
[10:40:31 INF] Request starting HTTP/1.1 GET http://localhost:8080/api/v1/logs/soap?start=2025-09-26T13:40:31.036Z&end=2025-10-03T13:40:31.036Z&take=200 - null null
[10:40:31 INF] CORS policy execution successful.
[10:40:31 INF] Executing endpoint 'GynNota.Api.Controllers.SoapLogsController.List (GynNota.Api)'
[10:40:31 INF] Route matched with {action = "List", controller = "SoapLogs"}. Executing controller action with signature System.Threading.Tasks.Task`1[Microsoft.AspNetCore.Mvc.IActionResult] List(System.String, System.String, System.Nullable`1[System.DateTime], System.Nullable`1[System.DateTime], Int32, System.Threading.CancellationToken) on controller GynNota.Api.Controllers.SoapLogsController (GynNota.Api).
[10:40:31 INF] Executing OkObjectResult, writing value of type 'System.Collections.Generic.List`1[[System.Object, System.Private.CoreLib, Version=8.0.0.0, Culture=neutral, PublicKeyToken=7cec85d7bea7798e]]'.
[10:40:31 INF] Executed action GynNota.Api.Controllers.SoapLogsController.List (GynNota.Api) in 48.8518ms
[10:40:31 INF] Executed endpoint 'GynNota.Api.Controllers.SoapLogsController.List (GynNota.Api)'
[10:40:31 INF] HTTP GET /api/v1/logs/soap responded 200 in 107.9524 ms
[10:40:31 INF] Request finished HTTP/1.1 GET http://localhost:8080/api/v1/logs/soap?start=2025-09-26T13:40:31.036Z&end=2025-10-03T13:40:31.036Z&take=200 - 200 null application/json; charset=utf-8 108.7229ms
[10:40:31 INF] Request starting HTTP/1.1 GET http://localhost:8080/api/v1/logs/soap?start=2025-09-26T13:40:31.036Z&end=2025-10-03T13:40:31.036Z&take=200 - null null
[10:40:31 INF] CORS policy execution successful.
[10:40:31 INF] Executing endpoint 'GynNota.Api.Controllers.SoapLogsController.List (GynNota.Api)'
[10:40:31 INF] Route matched with {action = "List", controller = "SoapLogs"}. Executing controller action with signature System.Threading.Tasks.Task`1[Microsoft.AspNetCore.Mvc.IActionResult] List(System.String, System.String, System.Nullable`1[System.DateTime], System.Nullable`1[System.DateTime], Int32, System.Threading.CancellationToken) on controller GynNota.Api.Controllers.SoapLogsController (GynNota.Api).
[10:40:31 INF] Executing OkObjectResult, writing value of type 'System.Collections.Generic.List`1[[System.Object, System.Private.CoreLib, Version=8.0.0.0, Culture=neutral, PublicKeyToken=7cec85d7bea7798e]]'.
[10:40:31 INF] Executed action GynNota.Api.Controllers.SoapLogsController.List (GynNota.Api) in 26.1883ms
[10:40:31 INF] Executed endpoint 'GynNota.Api.Controllers.SoapLogsController.List (GynNota.Api)'
[10:40:31 INF] HTTP GET /api/v1/logs/soap responded 200 in 54.2206 ms
[10:40:31 INF] Request finished HTTP/1.1 GET http://localhost:8080/api/v1/logs/soap?start=2025-09-26T13:40:31.036Z&end=2025-10-03T13:40:31.036Z&take=200 - 200 null application/json; charset=utf-8 54.5092ms
[10:40:31 INF] Request starting HTTP/1.1 OPTIONS http://localhost:8080/api/v1/users/roles - null null
[10:40:31 INF] Request starting HTTP/1.1 OPTIONS http://localhost:8080/api/v1/users - null null
[10:40:31 INF] CORS policy execution successful.
[10:40:31 INF] HTTP OPTIONS /api/v1/users/roles responded 204 in 0.1142 ms
[10:40:31 INF] Request finished HTTP/1.1 OPTIONS http://localhost:8080/api/v1/users/roles - 204 null null 0.5399ms
[10:40:31 INF] CORS policy execution successful.
[10:40:31 INF] HTTP OPTIONS /api/v1/users responded 204 in 0.0985 ms
[10:40:31 INF] Request finished HTTP/1.1 OPTIONS http://localhost:8080/api/v1/users - 204 null null 0.7739ms
[10:40:31 INF] Request starting HTTP/1.1 OPTIONS http://localhost:8080/api/v1/users - null null
[10:40:31 INF] Request starting HTTP/1.1 OPTIONS http://localhost:8080/api/v1/users/roles - null null
[10:40:31 INF] CORS policy execution successful.
[10:40:31 INF] CORS policy execution successful.
[10:40:31 INF] HTTP OPTIONS /api/v1/users responded 204 in 0.0490 ms
[10:40:31 INF] HTTP OPTIONS /api/v1/users/roles responded 204 in 0.0618 ms
[10:40:31 INF] Request finished HTTP/1.1 OPTIONS http://localhost:8080/api/v1/users - 204 null null 0.1722ms
[10:40:31 INF] Request finished HTTP/1.1 OPTIONS http://localhost:8080/api/v1/users/roles - 204 null null 0.16ms
[10:40:31 INF] Request starting HTTP/1.1 GET http://localhost:8080/api/v1/users/roles - null null
[10:40:31 INF] Request starting HTTP/1.1 GET http://localhost:8080/api/v1/users - null null
[10:40:31 INF] CORS policy execution successful.
[10:40:31 INF] CORS policy execution successful.
[10:40:31 INF] Executing endpoint 'GynNota.Api.Controllers.UsersController.List (GynNota.Api)'
[10:40:31 INF] Route matched with {action = "List", controller = "Users"}. Executing controller action with signature System.Threading.Tasks.Task`1[Microsoft.AspNetCore.Mvc.IActionResult] List() on controller GynNota.Api.Controllers.UsersController (GynNota.Api).
[10:40:31 INF] Executing OkObjectResult, writing value of type 'System.Collections.Generic.List`1[[GynNota.Api.Controllers.UsersController+UserDto, GynNota.Api, Version=1.0.0.0, Culture=neutral, PublicKeyToken=null]]'.
[10:40:31 INF] Executed action GynNota.Api.Controllers.UsersController.List (GynNota.Api) in 34.1288ms
[10:40:31 INF] Executed endpoint 'GynNota.Api.Controllers.UsersController.List (GynNota.Api)'
[10:40:31 INF] HTTP GET /api/v1/users responded 200 in 38.4548 ms
[10:40:31 INF] Request finished HTTP/1.1 GET http://localhost:8080/api/v1/users - 200 null application/json; charset=utf-8 38.731ms
[10:40:31 INF] Request starting HTTP/1.1 GET http://localhost:8080/api/v1/users - null null
[10:40:31 INF] CORS policy execution successful.
[10:40:31 INF] Executing endpoint 'GynNota.Api.Controllers.UsersController.List (GynNota.Api)'
[10:40:31 INF] Route matched with {action = "List", controller = "Users"}. Executing controller action with signature System.Threading.Tasks.Task`1[Microsoft.AspNetCore.Mvc.IActionResult] List() on controller GynNota.Api.Controllers.UsersController (GynNota.Api).
[10:40:32 INF] Executing OkObjectResult, writing value of type 'System.Collections.Generic.List`1[[GynNota.Api.Controllers.UsersController+UserDto, GynNota.Api, Version=1.0.0.0, Culture=neutral, PublicKeyToken=null]]'.
[10:40:32 INF] Executed action GynNota.Api.Controllers.UsersController.List (GynNota.Api) in 25.0787ms
[10:40:32 INF] Executed endpoint 'GynNota.Api.Controllers.UsersController.List (GynNota.Api)'
[10:40:32 INF] HTTP GET /api/v1/users responded 200 in 26.0643 ms
[10:40:32 INF] Request finished HTTP/1.1 GET http://localhost:8080/api/v1/users - 200 null application/json; charset=utf-8 26.4033ms
[10:40:32 INF] Executing endpoint 'GynNota.Api.Controllers.UsersController.ListRoles (GynNota.Api)'
[10:40:32 INF] Route matched with {action = "ListRoles", controller = "Users"}. Executing controller action with signature System.Threading.Tasks.Task`1[Microsoft.AspNetCore.Mvc.IActionResult] ListRoles() on controller GynNota.Api.Controllers.UsersController (GynNota.Api).
[10:40:32 INF] Executing OkObjectResult, writing value of type 'System.Collections.Generic.List`1[[System.Object, System.Private.CoreLib, Version=8.0.0.0, Culture=neutral, PublicKeyToken=7cec85d7bea7798e]]'.
[10:40:32 INF] Executed action GynNota.Api.Controllers.UsersController.ListRoles (GynNota.Api) in 33.0555ms
[10:40:32 INF] Executed endpoint 'GynNota.Api.Controllers.UsersController.ListRoles (GynNota.Api)'
[10:40:32 INF] HTTP GET /api/v1/users/roles responded 200 in 212.2406 ms
[10:40:32 INF] Request finished HTTP/1.1 GET http://localhost:8080/api/v1/users/roles - 200 null application/json; charset=utf-8 212.5731ms
[10:40:32 INF] Request starting HTTP/1.1 GET http://localhost:8080/api/v1/users/roles - null null
[10:40:32 INF] CORS policy execution successful.
[10:40:32 INF] Executing endpoint 'GynNota.Api.Controllers.UsersController.ListRoles (GynNota.Api)'
[10:40:32 INF] Route matched with {action = "ListRoles", controller = "Users"}. Executing controller action with signature System.Threading.Tasks.Task`1[Microsoft.AspNetCore.Mvc.IActionResult] ListRoles() on controller GynNota.Api.Controllers.UsersController (GynNota.Api).
[10:40:32 INF] Executing OkObjectResult, writing value of type 'System.Collections.Generic.List`1[[System.Object, System.Private.CoreLib, Version=8.0.0.0, Culture=neutral, PublicKeyToken=7cec85d7bea7798e]]'.
[10:40:32 INF] Executed action GynNota.Api.Controllers.UsersController.ListRoles (GynNota.Api) in 31.0496ms
[10:40:32 INF] Executed endpoint 'GynNota.Api.Controllers.UsersController.ListRoles (GynNota.Api)'
[10:40:32 INF] HTTP GET /api/v1/users/roles responded 200 in 32.1959 ms
[10:40:32 INF] Request finished HTTP/1.1 GET http://localhost:8080/api/v1/users/roles - 200 null application/json; charset=utf-8 32.779ms
[16:38:19 INF] Request starting HTTP/1.1 OPTIONS http://localhost:8080/api/v1/tenants - null null
[16:38:19 INF] Request starting HTTP/1.1 OPTIONS http://localhost:8080/api/v1/tenants - null null
[16:38:19 INF] CORS policy execution successful.
[16:38:19 INF] CORS policy execution successful.
[16:38:19 INF] HTTP OPTIONS /api/v1/tenants responded 204 in 6.9453 ms
[16:38:19 INF] HTTP OPTIONS /api/v1/tenants responded 204 in 6.9451 ms
[16:38:19 INF] Request finished HTTP/1.1 OPTIONS http://localhost:8080/api/v1/tenants - 204 null null 20.6616ms
[16:38:19 INF] Request finished HTTP/1.1 OPTIONS http://localhost:8080/api/v1/tenants - 204 null null 20.6812ms
[16:38:19 INF] Request starting HTTP/1.1 GET http://localhost:8080/api/v1/tenants - null null
[16:38:19 INF] CORS policy execution successful.
[16:38:19 INF] Executing endpoint 'GynNota.Api.Controllers.TenantsController.List (GynNota.Api)'
[16:38:19 INF] Route matched with {action = "List", controller = "Tenants"}. Executing controller action with signature System.Threading.Tasks.Task`1[Microsoft.AspNetCore.Mvc.ActionResult`1[System.Collections.Generic.IEnumerable`1[GynNota.Api.Controllers.TenantsController+TenantDto]]] List(System.Threading.CancellationToken) on controller GynNota.Api.Controllers.TenantsController (GynNota.Api).
[16:38:19 INF] Executing OkObjectResult, writing value of type 'System.Collections.Generic.List`1[[GynNota.Api.Controllers.TenantsController+TenantDto, GynNota.Api, Version=1.0.0.0, Culture=neutral, PublicKeyToken=null]]'.
[16:38:19 INF] Executed action GynNota.Api.Controllers.TenantsController.List (GynNota.Api) in 52.5445ms
[16:38:19 INF] Executed endpoint 'GynNota.Api.Controllers.TenantsController.List (GynNota.Api)'
[16:38:19 INF] HTTP GET /api/v1/tenants responded 200 in 325.6701 ms
[16:38:19 INF] Request finished HTTP/1.1 GET http://localhost:8080/api/v1/tenants - 200 null application/json; charset=utf-8 328.9056ms
[16:38:19 INF] Request starting HTTP/1.1 GET http://localhost:8080/api/v1/tenants - null null
[16:38:19 INF] CORS policy execution successful.
[16:38:19 INF] Executing endpoint 'GynNota.Api.Controllers.TenantsController.List (GynNota.Api)'
[16:38:19 INF] Route matched with {action = "List", controller = "Tenants"}. Executing controller action with signature System.Threading.Tasks.Task`1[Microsoft.AspNetCore.Mvc.ActionResult`1[System.Collections.Generic.IEnumerable`1[GynNota.Api.Controllers.TenantsController+TenantDto]]] List(System.Threading.CancellationToken) on controller GynNota.Api.Controllers.TenantsController (GynNota.Api).
[16:38:19 INF] Executing OkObjectResult, writing value of type 'System.Collections.Generic.List`1[[GynNota.Api.Controllers.TenantsController+TenantDto, GynNota.Api, Version=1.0.0.0, Culture=neutral, PublicKeyToken=null]]'.
[16:38:19 INF] Executed action GynNota.Api.Controllers.TenantsController.List (GynNota.Api) in 41.3465ms
[16:38:19 INF] Executed endpoint 'GynNota.Api.Controllers.TenantsController.List (GynNota.Api)'
[16:38:19 INF] HTTP GET /api/v1/tenants responded 200 in 41.8930 ms
[16:38:19 INF] Request finished HTTP/1.1 GET http://localhost:8080/api/v1/tenants - 200 null application/json; charset=utf-8 42.4694ms
[16:57:55 INF] Application is shutting down...
